[io.vertx.core.impl.BlockedThreadChecker] [Wed Jul 13 15:39:50 CST 2016] 警告 [Thread Thread[vert.x-eventloop-thread-1,5,main] has been blocked for 2953 ms, time limit is 2000] 
[io.vertx.core.impl.BlockedThreadChecker] [Wed Jul 13 15:39:51 CST 2016] 警告 [Thread Thread[vert.x-eventloop-thread-1,5,main] has been blocked for 3952 ms, time limit is 2000] 
[io.vertx.core.impl.BlockedThreadChecker] [Wed Jul 13 15:39:52 CST 2016] 警告 [Thread Thread[vert.x-eventloop-thread-1,5,main] has been blocked for 4953 ms, time limit is 2000] 
[io.vertx.core.impl.BlockedThreadChecker] [Wed Jul 13 15:39:53 CST 2016] 警告 [Thread Thread[vert.x-eventloop-thread-1,5,main] has been blocked for 5954 ms, time limit is 2000] 
io.vertx.core.VertxException: Thread blocked
	at java.net.Inet6AddressImpl.lookupAllHostAddr(Native Method)
	at java.net.InetAddress$2.lookupAllHostAddr(InetAddress.java:928)
	at java.net.InetAddress.getAddressesFromNameService(InetAddress.java:1323)
	at java.net.InetAddress.getAllByName0(InetAddress.java:1276)
	at java.net.InetAddress.getAllByName(InetAddress.java:1192)
	at java.net.InetAddress.getAllByName(InetAddress.java:1126)
	at java.net.InetAddress.getByName(InetAddress.java:1076)
	at java.net.InetSocketAddress.<init>(InetSocketAddress.java:220)
	at sun.net.NetworkClient.doConnect(NetworkClient.java:175)
	at sun.net.www.http.HttpClient.openServer(HttpClient.java:432)
	at sun.net.www.http.HttpClient.openServer(HttpClient.java:527)
	at sun.net.www.protocol.https.HttpsClient.<init>(HttpsClient.java:264)
	at sun.net.www.protocol.https.HttpsClient.New(HttpsClient.java:367)
	at sun.net.www.protocol.https.AbstractDelegateHttpsURLConnection.getNewHttpClient(AbstractDelegateHttpsURLConnection.java:191)
	at sun.net.www.protocol.http.HttpURLConnection.plainConnect0(HttpURLConnection.java:1105)
	at sun.net.www.protocol.http.HttpURLConnection.plainConnect(HttpURLConnection.java:999)
	at sun.net.www.protocol.https.AbstractDelegateHttpsURLConnection.connect(AbstractDelegateHttpsURLConnection.java:177)
	at sun.net.www.protocol.http.HttpURLConnection.getOutputStream0(HttpURLConnection.java:1283)
	at sun.net.www.protocol.http.HttpURLConnection.getOutputStream(HttpURLConnection.java:1258)
	at sun.net.www.protocol.https.HttpsURLConnectionImpl.getOutputStream(HttpsURLConnectionImpl.java:250)
	at com.stripe.net.LiveStripeResponseGetter.createPostConnection(LiveStripeResponseGetter.java:194)
	at com.stripe.net.LiveStripeResponseGetter.makeURLConnectionRequest(LiveStripeResponseGetter.java:345)
	at com.stripe.net.LiveStripeResponseGetter.getStripeResponse(LiveStripeResponseGetter.java:481)
	at com.stripe.net.LiveStripeResponseGetter._request(LiveStripeResponseGetter.java:420)
	at com.stripe.net.LiveStripeResponseGetter.request(LiveStripeResponseGetter.java:65)
	at com.stripe.net.APIResource.request(APIResource.java:135)
	at com.stripe.model.Customer.create(Customer.java:359)
	at com.stripe.model.Customer.create(Customer.java:251)
	at openscanner.cc.stripe.PayStripe.lambda$start$3(PayStripe.java:88)
	at openscanner.cc.stripe.PayStripe$$Lambda$10/513956002.handle(Unknown Source)
	at io.vertx.ext.web.impl.RouteImpl.handleContext(RouteImpl.java:221)
	at io.vertx.ext.web.impl.RoutingContextImplBase.iterateNext(RoutingContextImplBase.java:78)
	at io.vertx.ext.web.impl.RoutingContextImpl.next(RoutingContextImpl.java:94)
	at io.vertx.ext.web.handler.impl.FaviconHandlerImpl.handle(FaviconHandlerImpl.java:161)
	at io.vertx.ext.web.handler.impl.FaviconHandlerImpl.handle(FaviconHandlerImpl.java:33)
	at io.vertx.ext.web.impl.RouteImpl.handleContext(RouteImpl.java:221)
	at io.vertx.ext.web.impl.RoutingContextImplBase.iterateNext(RoutingContextImplBase.java:78)
	at io.vertx.ext.web.impl.RoutingContextImpl.next(RoutingContextImpl.java:94)
	at io.vertx.ext.web.handler.impl.BodyHandlerImpl$BHandler.doEnd(BodyHandlerImpl.java:155)
	at io.vertx.ext.web.handler.impl.BodyHandlerImpl$BHandler.end(BodyHandlerImpl.java:141)
	at io.vertx.ext.web.handler.impl.BodyHandlerImpl.lambda$handle$34(BodyHandlerImpl.java:61)
	at io.vertx.ext.web.handler.impl.BodyHandlerImpl$$Lambda$21/266462898.handle(Unknown Source)
	at io.vertx.core.http.impl.HttpServerRequestImpl.handleEnd(HttpServerRequestImpl.java:411)
	at io.vertx.core.http.impl.ServerConnection.handleEnd(ServerConnection.java:286)
	at io.vertx.core.http.impl.ServerConnection.processMessage(ServerConnection.java:404)
	at io.vertx.core.http.impl.ServerConnection.handleMessage(ServerConnection.java:134)
	at io.vertx.core.http.impl.HttpServerImpl$ServerHandler.doMessageReceived(HttpServerImpl.java:515)
	at io.vertx.core.http.impl.HttpServerImpl$ServerHandler.doMessageReceived(HttpServerImpl.java:421)
	at io.vertx.core.http.impl.VertxHttpHandler.lambda$channelRead$20(VertxHttpHandler.java:80)
	at io.vertx.core.http.impl.VertxHttpHandler$$Lambda$23/373805882.run(Unknown Source)
	at io.vertx.core.impl.ContextImpl.lambda$wrapTask$18(ContextImpl.java:333)
	at io.vertx.core.impl.ContextImpl$$Lambda$6/762218386.run(Unknown Source)
	at io.vertx.core.impl.ContextImpl.executeFromIO(ContextImpl.java:225)
	at io.vertx.core.http.impl.VertxHttpHandler.channelRead(VertxHttpHandler.java:80)
	at io.vertx.core.net.impl.VertxHandler.channelRead(VertxHandler.java:124)
	at io.netty.channel.AbstractChannelHandlerContext.invokeChannelRead(AbstractChannelHandlerContext.java:318)
	at io.netty.channel.AbstractChannelHandlerContext.fireChannelRead(AbstractChannelHandlerContext.java:304)
	at io.netty.handler.codec.ByteToMessageDecoder.fireChannelRead(ByteToMessageDecoder.java:276)
	at io.netty.handler.codec.ByteToMessageDecoder.channelRead(ByteToMessageDecoder.java:263)
	at io.netty.channel.AbstractChannelHandlerContext.invokeChannelRead(AbstractChannelHandlerContext.java:318)
	at io.netty.channel.AbstractChannelHandlerContext.fireChannelRead(AbstractChannelHandlerContext.java:304)
	at io.netty.channel.DefaultChannelPipeline.fireChannelRead(DefaultChannelPipeline.java:846)
	at io.netty.channel.nio.AbstractNioByteChannel$NioByteUnsafe.read(AbstractNioByteChannel.java:131)
	at io.netty.channel.nio.NioEventLoop.processSelectedKey(NioEventLoop.java:511)
	at io.netty.channel.nio.NioEventLoop.processSelectedKeysOptimized(NioEventLoop.java:468)
	at io.netty.channel.nio.NioEventLoop.processSelectedKeys(NioEventLoop.java:382)
	at io.netty.channel.nio.NioEventLoop.run(NioEventLoop.java:354)
	at io.netty.util.concurrent.SingleThreadEventExecutor$2.run(SingleThreadEventExecutor.java:112)
	at java.lang.Thread.run(Thread.java:745)

[io.vertx.core.impl.BlockedThreadChecker] [Wed Jul 13 15:39:54 CST 2016] 警告 [Thread Thread[vert.x-eventloop-thread-1,5,main] has been blocked for 6953 ms, time limit is 2000] 
io.vertx.core.VertxException: Thread blocked
	at java.net.Inet6AddressImpl.lookupAllHostAddr(Native Method)
	at java.net.InetAddress$2.lookupAllHostAddr(InetAddress.java:928)
	at java.net.InetAddress.getAddressesFromNameService(InetAddress.java:1323)
	at java.net.InetAddress.getAllByName0(InetAddress.java:1276)
	at java.net.InetAddress.getAllByName(InetAddress.java:1192)
	at java.net.InetAddress.getAllByName(InetAddress.java:1126)
	at java.net.InetAddress.getByName(InetAddress.java:1076)
	at java.net.InetSocketAddress.<init>(InetSocketAddress.java:220)
	at sun.net.NetworkClient.doConnect(NetworkClient.java:175)
	at sun.net.www.http.HttpClient.openServer(HttpClient.java:432)
	at sun.net.www.http.HttpClient.openServer(HttpClient.java:527)
	at sun.net.www.protocol.https.HttpsClient.<init>(HttpsClient.java:264)
	at sun.net.www.protocol.https.HttpsClient.New(HttpsClient.java:367)
	at sun.net.www.protocol.https.AbstractDelegateHttpsURLConnection.getNewHttpClient(AbstractDelegateHttpsURLConnection.java:191)
	at sun.net.www.protocol.http.HttpURLConnection.plainConnect0(HttpURLConnection.java:1105)
	at sun.net.www.protocol.http.HttpURLConnection.plainConnect(HttpURLConnection.java:999)
	at sun.net.www.protocol.https.AbstractDelegateHttpsURLConnection.connect(AbstractDelegateHttpsURLConnection.java:177)
	at sun.net.www.protocol.http.HttpURLConnection.getOutputStream0(HttpURLConnection.java:1283)
	at sun.net.www.protocol.http.HttpURLConnection.getOutputStream(HttpURLConnection.java:1258)
	at sun.net.www.protocol.https.HttpsURLConnectionImpl.getOutputStream(HttpsURLConnectionImpl.java:250)
	at com.stripe.net.LiveStripeResponseGetter.createPostConnection(LiveStripeResponseGetter.java:194)
	at com.stripe.net.LiveStripeResponseGetter.makeURLConnectionRequest(LiveStripeResponseGetter.java:345)
	at com.stripe.net.LiveStripeResponseGetter.getStripeResponse(LiveStripeResponseGetter.java:481)
	at com.stripe.net.LiveStripeResponseGetter._request(LiveStripeResponseGetter.java:420)
	at com.stripe.net.LiveStripeResponseGetter.request(LiveStripeResponseGetter.java:65)
	at com.stripe.net.APIResource.request(APIResource.java:135)
	at com.stripe.model.Customer.create(Customer.java:359)
	at com.stripe.model.Customer.create(Customer.java:251)
	at openscanner.cc.stripe.PayStripe.lambda$start$3(PayStripe.java:88)
	at openscanner.cc.stripe.PayStripe$$Lambda$10/513956002.handle(Unknown Source)
	at io.vertx.ext.web.impl.RouteImpl.handleContext(RouteImpl.java:221)
	at io.vertx.ext.web.impl.RoutingContextImplBase.iterateNext(RoutingContextImplBase.java:78)
	at io.vertx.ext.web.impl.RoutingContextImpl.next(RoutingContextImpl.java:94)
	at io.vertx.ext.web.handler.impl.FaviconHandlerImpl.handle(FaviconHandlerImpl.java:161)
	at io.vertx.ext.web.handler.impl.FaviconHandlerImpl.handle(FaviconHandlerImpl.java:33)
	at io.vertx.ext.web.impl.RouteImpl.handleContext(RouteImpl.java:221)
	at io.vertx.ext.web.impl.RoutingContextImplBase.iterateNext(RoutingContextImplBase.java:78)
	at io.vertx.ext.web.impl.RoutingContextImpl.next(RoutingContextImpl.java:94)
	at io.vertx.ext.web.handler.impl.BodyHandlerImpl$BHandler.doEnd(BodyHandlerImpl.java:155)
	at io.vertx.ext.web.handler.impl.BodyHandlerImpl$BHandler.end(BodyHandlerImpl.java:141)
	at io.vertx.ext.web.handler.impl.BodyHandlerImpl.lambda$handle$34(BodyHandlerImpl.java:61)
	at io.vertx.ext.web.handler.impl.BodyHandlerImpl$$Lambda$21/266462898.handle(Unknown Source)
	at io.vertx.core.http.impl.HttpServerRequestImpl.handleEnd(HttpServerRequestImpl.java:411)
	at io.vertx.core.http.impl.ServerConnection.handleEnd(ServerConnection.java:286)
	at io.vertx.core.http.impl.ServerConnection.processMessage(ServerConnection.java:404)
	at io.vertx.core.http.impl.ServerConnection.handleMessage(ServerConnection.java:134)
	at io.vertx.core.http.impl.HttpServerImpl$ServerHandler.doMessageReceived(HttpServerImpl.java:515)
	at io.vertx.core.http.impl.HttpServerImpl$ServerHandler.doMessageReceived(HttpServerImpl.java:421)
	at io.vertx.core.http.impl.VertxHttpHandler.lambda$channelRead$20(VertxHttpHandler.java:80)
	at io.vertx.core.http.impl.VertxHttpHandler$$Lambda$23/373805882.run(Unknown Source)
	at io.vertx.core.impl.ContextImpl.lambda$wrapTask$18(ContextImpl.java:333)
	at io.vertx.core.impl.ContextImpl$$Lambda$6/762218386.run(Unknown Source)
	at io.vertx.core.impl.ContextImpl.executeFromIO(ContextImpl.java:225)
	at io.vertx.core.http.impl.VertxHttpHandler.channelRead(VertxHttpHandler.java:80)
	at io.vertx.core.net.impl.VertxHandler.channelRead(VertxHandler.java:124)
	at io.netty.channel.AbstractChannelHandlerContext.invokeChannelRead(AbstractChannelHandlerContext.java:318)
	at io.netty.channel.AbstractChannelHandlerContext.fireChannelRead(AbstractChannelHandlerContext.java:304)
	at io.netty.handler.codec.ByteToMessageDecoder.fireChannelRead(ByteToMessageDecoder.java:276)
	at io.netty.handler.codec.ByteToMessageDecoder.channelRead(ByteToMessageDecoder.java:263)
	at io.netty.channel.AbstractChannelHandlerContext.invokeChannelRead(AbstractChannelHandlerContext.java:318)
	at io.netty.channel.AbstractChannelHandlerContext.fireChannelRead(AbstractChannelHandlerContext.java:304)
	at io.netty.channel.DefaultChannelPipeline.fireChannelRead(DefaultChannelPipeline.java:846)
	at io.netty.channel.nio.AbstractNioByteChannel$NioByteUnsafe.read(AbstractNioByteChannel.java:131)
	at io.netty.channel.nio.NioEventLoop.processSelectedKey(NioEventLoop.java:511)
	at io.netty.channel.nio.NioEventLoop.processSelectedKeysOptimized(NioEventLoop.java:468)
	at io.netty.channel.nio.NioEventLoop.processSelectedKeys(NioEventLoop.java:382)
	at io.netty.channel.nio.NioEventLoop.run(NioEventLoop.java:354)
	at io.netty.util.concurrent.SingleThreadEventExecutor$2.run(SingleThreadEventExecutor.java:112)
	at java.lang.Thread.run(Thread.java:745)

[io.vertx.core.impl.BlockedThreadChecker] [Wed Jul 13 15:39:55 CST 2016] 警告 [Thread Thread[vert.x-eventloop-thread-1,5,main] has been blocked for 7953 ms, time limit is 2000] 
io.vertx.core.VertxException: Thread blocked
	at java.net.Inet6AddressImpl.lookupAllHostAddr(Native Method)
	at java.net.InetAddress$2.lookupAllHostAddr(InetAddress.java:928)
	at java.net.InetAddress.getAddressesFromNameService(InetAddress.java:1323)
	at java.net.InetAddress.getAllByName0(InetAddress.java:1276)
	at java.net.InetAddress.getAllByName(InetAddress.java:1192)
	at java.net.InetAddress.getAllByName(InetAddress.java:1126)
	at java.net.InetAddress.getByName(InetAddress.java:1076)
	at java.net.InetSocketAddress.<init>(InetSocketAddress.java:220)
	at sun.net.NetworkClient.doConnect(NetworkClient.java:175)
	at sun.net.www.http.HttpClient.openServer(HttpClient.java:432)
	at sun.net.www.http.HttpClient.openServer(HttpClient.java:527)
	at sun.net.www.protocol.https.HttpsClient.<init>(HttpsClient.java:264)
	at sun.net.www.protocol.https.HttpsClient.New(HttpsClient.java:367)
	at sun.net.www.protocol.https.AbstractDelegateHttpsURLConnection.getNewHttpClient(AbstractDelegateHttpsURLConnection.java:191)
	at sun.net.www.protocol.http.HttpURLConnection.plainConnect0(HttpURLConnection.java:1105)
	at sun.net.www.protocol.http.HttpURLConnection.plainConnect(HttpURLConnection.java:999)
	at sun.net.www.protocol.https.AbstractDelegateHttpsURLConnection.connect(AbstractDelegateHttpsURLConnection.java:177)
	at sun.net.www.protocol.http.HttpURLConnection.getOutputStream0(HttpURLConnection.java:1283)
	at sun.net.www.protocol.http.HttpURLConnection.getOutputStream(HttpURLConnection.java:1258)
	at sun.net.www.protocol.https.HttpsURLConnectionImpl.getOutputStream(HttpsURLConnectionImpl.java:250)
	at com.stripe.net.LiveStripeResponseGetter.createPostConnection(LiveStripeResponseGetter.java:194)
	at com.stripe.net.LiveStripeResponseGetter.makeURLConnectionRequest(LiveStripeResponseGetter.java:345)
	at com.stripe.net.LiveStripeResponseGetter.getStripeResponse(LiveStripeResponseGetter.java:481)
	at com.stripe.net.LiveStripeResponseGetter._request(LiveStripeResponseGetter.java:420)
	at com.stripe.net.LiveStripeResponseGetter.request(LiveStripeResponseGetter.java:65)
	at com.stripe.net.APIResource.request(APIResource.java:135)
	at com.stripe.model.Customer.create(Customer.java:359)
	at com.stripe.model.Customer.create(Customer.java:251)
	at openscanner.cc.stripe.PayStripe.lambda$start$3(PayStripe.java:88)
	at openscanner.cc.stripe.PayStripe$$Lambda$10/513956002.handle(Unknown Source)
	at io.vertx.ext.web.impl.RouteImpl.handleContext(RouteImpl.java:221)
	at io.vertx.ext.web.impl.RoutingContextImplBase.iterateNext(RoutingContextImplBase.java:78)
	at io.vertx.ext.web.impl.RoutingContextImpl.next(RoutingContextImpl.java:94)
	at io.vertx.ext.web.handler.impl.FaviconHandlerImpl.handle(FaviconHandlerImpl.java:161)
	at io.vertx.ext.web.handler.impl.FaviconHandlerImpl.handle(FaviconHandlerImpl.java:33)
	at io.vertx.ext.web.impl.RouteImpl.handleContext(RouteImpl.java:221)
	at io.vertx.ext.web.impl.RoutingContextImplBase.iterateNext(RoutingContextImplBase.java:78)
	at io.vertx.ext.web.impl.RoutingContextImpl.next(RoutingContextImpl.java:94)
	at io.vertx.ext.web.handler.impl.BodyHandlerImpl$BHandler.doEnd(BodyHandlerImpl.java:155)
	at io.vertx.ext.web.handler.impl.BodyHandlerImpl$BHandler.end(BodyHandlerImpl.java:141)
	at io.vertx.ext.web.handler.impl.BodyHandlerImpl.lambda$handle$34(BodyHandlerImpl.java:61)
	at io.vertx.ext.web.handler.impl.BodyHandlerImpl$$Lambda$21/266462898.handle(Unknown Source)
	at io.vertx.core.http.impl.HttpServerRequestImpl.handleEnd(HttpServerRequestImpl.java:411)
	at io.vertx.core.http.impl.ServerConnection.handleEnd(ServerConnection.java:286)
	at io.vertx.core.http.impl.ServerConnection.processMessage(ServerConnection.java:404)
	at io.vertx.core.http.impl.ServerConnection.handleMessage(ServerConnection.java:134)
	at io.vertx.core.http.impl.HttpServerImpl$ServerHandler.doMessageReceived(HttpServerImpl.java:515)
	at io.vertx.core.http.impl.HttpServerImpl$ServerHandler.doMessageReceived(HttpServerImpl.java:421)
	at io.vertx.core.http.impl.VertxHttpHandler.lambda$channelRead$20(VertxHttpHandler.java:80)
	at io.vertx.core.http.impl.VertxHttpHandler$$Lambda$23/373805882.run(Unknown Source)
	at io.vertx.core.impl.ContextImpl.lambda$wrapTask$18(ContextImpl.java:333)
	at io.vertx.core.impl.ContextImpl$$Lambda$6/762218386.run(Unknown Source)
	at io.vertx.core.impl.ContextImpl.executeFromIO(ContextImpl.java:225)
	at io.vertx.core.http.impl.VertxHttpHandler.channelRead(VertxHttpHandler.java:80)
	at io.vertx.core.net.impl.VertxHandler.channelRead(VertxHandler.java:124)
	at io.netty.channel.AbstractChannelHandlerContext.invokeChannelRead(AbstractChannelHandlerContext.java:318)
	at io.netty.channel.AbstractChannelHandlerContext.fireChannelRead(AbstractChannelHandlerContext.java:304)
	at io.netty.handler.codec.ByteToMessageDecoder.fireChannelRead(ByteToMessageDecoder.java:276)
	at io.netty.handler.codec.ByteToMessageDecoder.channelRead(ByteToMessageDecoder.java:263)
	at io.netty.channel.AbstractChannelHandlerContext.invokeChannelRead(AbstractChannelHandlerContext.java:318)
	at io.netty.channel.AbstractChannelHandlerContext.fireChannelRead(AbstractChannelHandlerContext.java:304)
	at io.netty.channel.DefaultChannelPipeline.fireChannelRead(DefaultChannelPipeline.java:846)
	at io.netty.channel.nio.AbstractNioByteChannel$NioByteUnsafe.read(AbstractNioByteChannel.java:131)
	at io.netty.channel.nio.NioEventLoop.processSelectedKey(NioEventLoop.java:511)
	at io.netty.channel.nio.NioEventLoop.processSelectedKeysOptimized(NioEventLoop.java:468)
	at io.netty.channel.nio.NioEventLoop.processSelectedKeys(NioEventLoop.java:382)
	at io.netty.channel.nio.NioEventLoop.run(NioEventLoop.java:354)
	at io.netty.util.concurrent.SingleThreadEventExecutor$2.run(SingleThreadEventExecutor.java:112)
	at java.lang.Thread.run(Thread.java:745)

[io.vertx.core.impl.BlockedThreadChecker] [Wed Jul 13 15:39:56 CST 2016] 警告 [Thread Thread[vert.x-eventloop-thread-1,5,main] has been blocked for 8954 ms, time limit is 2000] 
io.vertx.core.VertxException: Thread blocked
	at java.net.Inet6AddressImpl.lookupAllHostAddr(Native Method)
	at java.net.InetAddress$2.lookupAllHostAddr(InetAddress.java:928)
	at java.net.InetAddress.getAddressesFromNameService(InetAddress.java:1323)
	at java.net.InetAddress.getAllByName0(InetAddress.java:1276)
	at java.net.InetAddress.getAllByName(InetAddress.java:1192)
	at java.net.InetAddress.getAllByName(InetAddress.java:1126)
	at java.net.InetAddress.getByName(InetAddress.java:1076)
	at java.net.InetSocketAddress.<init>(InetSocketAddress.java:220)
	at sun.net.NetworkClient.doConnect(NetworkClient.java:175)
	at sun.net.www.http.HttpClient.openServer(HttpClient.java:432)
	at sun.net.www.http.HttpClient.openServer(HttpClient.java:527)
	at sun.net.www.protocol.https.HttpsClient.<init>(HttpsClient.java:264)
	at sun.net.www.protocol.https.HttpsClient.New(HttpsClient.java:367)
	at sun.net.www.protocol.https.AbstractDelegateHttpsURLConnection.getNewHttpClient(AbstractDelegateHttpsURLConnection.java:191)
	at sun.net.www.protocol.http.HttpURLConnection.plainConnect0(HttpURLConnection.java:1105)
	at sun.net.www.protocol.http.HttpURLConnection.plainConnect(HttpURLConnection.java:999)
	at sun.net.www.protocol.https.AbstractDelegateHttpsURLConnection.connect(AbstractDelegateHttpsURLConnection.java:177)
	at sun.net.www.protocol.http.HttpURLConnection.getOutputStream0(HttpURLConnection.java:1283)
	at sun.net.www.protocol.http.HttpURLConnection.getOutputStream(HttpURLConnection.java:1258)
	at sun.net.www.protocol.https.HttpsURLConnectionImpl.getOutputStream(HttpsURLConnectionImpl.java:250)
	at com.stripe.net.LiveStripeResponseGetter.createPostConnection(LiveStripeResponseGetter.java:194)
	at com.stripe.net.LiveStripeResponseGetter.makeURLConnectionRequest(LiveStripeResponseGetter.java:345)
	at com.stripe.net.LiveStripeResponseGetter.getStripeResponse(LiveStripeResponseGetter.java:481)
	at com.stripe.net.LiveStripeResponseGetter._request(LiveStripeResponseGetter.java:420)
	at com.stripe.net.LiveStripeResponseGetter.request(LiveStripeResponseGetter.java:65)
	at com.stripe.net.APIResource.request(APIResource.java:135)
	at com.stripe.model.Customer.create(Customer.java:359)
	at com.stripe.model.Customer.create(Customer.java:251)
	at openscanner.cc.stripe.PayStripe.lambda$start$3(PayStripe.java:88)
	at openscanner.cc.stripe.PayStripe$$Lambda$10/513956002.handle(Unknown Source)
	at io.vertx.ext.web.impl.RouteImpl.handleContext(RouteImpl.java:221)
	at io.vertx.ext.web.impl.RoutingContextImplBase.iterateNext(RoutingContextImplBase.java:78)
	at io.vertx.ext.web.impl.RoutingContextImpl.next(RoutingContextImpl.java:94)
	at io.vertx.ext.web.handler.impl.FaviconHandlerImpl.handle(FaviconHandlerImpl.java:161)
	at io.vertx.ext.web.handler.impl.FaviconHandlerImpl.handle(FaviconHandlerImpl.java:33)
	at io.vertx.ext.web.impl.RouteImpl.handleContext(RouteImpl.java:221)
	at io.vertx.ext.web.impl.RoutingContextImplBase.iterateNext(RoutingContextImplBase.java:78)
	at io.vertx.ext.web.impl.RoutingContextImpl.next(RoutingContextImpl.java:94)
	at io.vertx.ext.web.handler.impl.BodyHandlerImpl$BHandler.doEnd(BodyHandlerImpl.java:155)
	at io.vertx.ext.web.handler.impl.BodyHandlerImpl$BHandler.end(BodyHandlerImpl.java:141)
	at io.vertx.ext.web.handler.impl.BodyHandlerImpl.lambda$handle$34(BodyHandlerImpl.java:61)
	at io.vertx.ext.web.handler.impl.BodyHandlerImpl$$Lambda$21/266462898.handle(Unknown Source)
	at io.vertx.core.http.impl.HttpServerRequestImpl.handleEnd(HttpServerRequestImpl.java:411)
	at io.vertx.core.http.impl.ServerConnection.handleEnd(ServerConnection.java:286)
	at io.vertx.core.http.impl.ServerConnection.processMessage(ServerConnection.java:404)
	at io.vertx.core.http.impl.ServerConnection.handleMessage(ServerConnection.java:134)
	at io.vertx.core.http.impl.HttpServerImpl$ServerHandler.doMessageReceived(HttpServerImpl.java:515)
	at io.vertx.core.http.impl.HttpServerImpl$ServerHandler.doMessageReceived(HttpServerImpl.java:421)
	at io.vertx.core.http.impl.VertxHttpHandler.lambda$channelRead$20(VertxHttpHandler.java:80)
	at io.vertx.core.http.impl.VertxHttpHandler$$Lambda$23/373805882.run(Unknown Source)
	at io.vertx.core.impl.ContextImpl.lambda$wrapTask$18(ContextImpl.java:333)
	at io.vertx.core.impl.ContextImpl$$Lambda$6/762218386.run(Unknown Source)
	at io.vertx.core.impl.ContextImpl.executeFromIO(ContextImpl.java:225)
	at io.vertx.core.http.impl.VertxHttpHandler.channelRead(VertxHttpHandler.java:80)
	at io.vertx.core.net.impl.VertxHandler.channelRead(VertxHandler.java:124)
	at io.netty.channel.AbstractChannelHandlerContext.invokeChannelRead(AbstractChannelHandlerContext.java:318)
	at io.netty.channel.AbstractChannelHandlerContext.fireChannelRead(AbstractChannelHandlerContext.java:304)
	at io.netty.handler.codec.ByteToMessageDecoder.fireChannelRead(ByteToMessageDecoder.java:276)
	at io.netty.handler.codec.ByteToMessageDecoder.channelRead(ByteToMessageDecoder.java:263)
	at io.netty.channel.AbstractChannelHandlerContext.invokeChannelRead(AbstractChannelHandlerContext.java:318)
	at io.netty.channel.AbstractChannelHandlerContext.fireChannelRead(AbstractChannelHandlerContext.java:304)
	at io.netty.channel.DefaultChannelPipeline.fireChannelRead(DefaultChannelPipeline.java:846)
	at io.netty.channel.nio.AbstractNioByteChannel$NioByteUnsafe.read(AbstractNioByteChannel.java:131)
	at io.netty.channel.nio.NioEventLoop.processSelectedKey(NioEventLoop.java:511)
	at io.netty.channel.nio.NioEventLoop.processSelectedKeysOptimized(NioEventLoop.java:468)
	at io.netty.channel.nio.NioEventLoop.processSelectedKeys(NioEventLoop.java:382)
	at io.netty.channel.nio.NioEventLoop.run(NioEventLoop.java:354)
	at io.netty.util.concurrent.SingleThreadEventExecutor$2.run(SingleThreadEventExecutor.java:112)
	at java.lang.Thread.run(Thread.java:745)

[io.vertx.core.impl.BlockedThreadChecker] [Wed Jul 13 15:39:57 CST 2016] 警告 [Thread Thread[vert.x-eventloop-thread-1,5,main] has been blocked for 9955 ms, time limit is 2000] 
io.vertx.core.VertxException: Thread blocked
	at java.net.Inet6AddressImpl.lookupAllHostAddr(Native Method)
	at java.net.InetAddress$2.lookupAllHostAddr(InetAddress.java:928)
	at java.net.InetAddress.getAddressesFromNameService(InetAddress.java:1323)
	at java.net.InetAddress.getAllByName0(InetAddress.java:1276)
	at java.net.InetAddress.getAllByName(InetAddress.java:1192)
	at java.net.InetAddress.getAllByName(InetAddress.java:1126)
	at java.net.InetAddress.getByName(InetAddress.java:1076)
	at java.net.InetSocketAddress.<init>(InetSocketAddress.java:220)
	at sun.net.NetworkClient.doConnect(NetworkClient.java:175)
	at sun.net.www.http.HttpClient.openServer(HttpClient.java:432)
	at sun.net.www.http.HttpClient.openServer(HttpClient.java:527)
	at sun.net.www.protocol.https.HttpsClient.<init>(HttpsClient.java:264)
	at sun.net.www.protocol.https.HttpsClient.New(HttpsClient.java:367)
	at sun.net.www.protocol.https.AbstractDelegateHttpsURLConnection.getNewHttpClient(AbstractDelegateHttpsURLConnection.java:191)
	at sun.net.www.protocol.http.HttpURLConnection.plainConnect0(HttpURLConnection.java:1105)
	at sun.net.www.protocol.http.HttpURLConnection.plainConnect(HttpURLConnection.java:999)
	at sun.net.www.protocol.https.AbstractDelegateHttpsURLConnection.connect(AbstractDelegateHttpsURLConnection.java:177)
	at sun.net.www.protocol.http.HttpURLConnection.getOutputStream0(HttpURLConnection.java:1283)
	at sun.net.www.protocol.http.HttpURLConnection.getOutputStream(HttpURLConnection.java:1258)
	at sun.net.www.protocol.https.HttpsURLConnectionImpl.getOutputStream(HttpsURLConnectionImpl.java:250)
	at com.stripe.net.LiveStripeResponseGetter.createPostConnection(LiveStripeResponseGetter.java:194)
	at com.stripe.net.LiveStripeResponseGetter.makeURLConnectionRequest(LiveStripeResponseGetter.java:345)
	at com.stripe.net.LiveStripeResponseGetter.getStripeResponse(LiveStripeResponseGetter.java:481)
	at com.stripe.net.LiveStripeResponseGetter._request(LiveStripeResponseGetter.java:420)
	at com.stripe.net.LiveStripeResponseGetter.request(LiveStripeResponseGetter.java:65)
	at com.stripe.net.APIResource.request(APIResource.java:135)
	at com.stripe.model.Customer.create(Customer.java:359)
	at com.stripe.model.Customer.create(Customer.java:251)
	at openscanner.cc.stripe.PayStripe.lambda$start$3(PayStripe.java:88)
	at openscanner.cc.stripe.PayStripe$$Lambda$10/513956002.handle(Unknown Source)
	at io.vertx.ext.web.impl.RouteImpl.handleContext(RouteImpl.java:221)
	at io.vertx.ext.web.impl.RoutingContextImplBase.iterateNext(RoutingContextImplBase.java:78)
	at io.vertx.ext.web.impl.RoutingContextImpl.next(RoutingContextImpl.java:94)
	at io.vertx.ext.web.handler.impl.FaviconHandlerImpl.handle(FaviconHandlerImpl.java:161)
	at io.vertx.ext.web.handler.impl.FaviconHandlerImpl.handle(FaviconHandlerImpl.java:33)
	at io.vertx.ext.web.impl.RouteImpl.handleContext(RouteImpl.java:221)
	at io.vertx.ext.web.impl.RoutingContextImplBase.iterateNext(RoutingContextImplBase.java:78)
	at io.vertx.ext.web.impl.RoutingContextImpl.next(RoutingContextImpl.java:94)
	at io.vertx.ext.web.handler.impl.BodyHandlerImpl$BHandler.doEnd(BodyHandlerImpl.java:155)
	at io.vertx.ext.web.handler.impl.BodyHandlerImpl$BHandler.end(BodyHandlerImpl.java:141)
	at io.vertx.ext.web.handler.impl.BodyHandlerImpl.lambda$handle$34(BodyHandlerImpl.java:61)
	at io.vertx.ext.web.handler.impl.BodyHandlerImpl$$Lambda$21/266462898.handle(Unknown Source)
	at io.vertx.core.http.impl.HttpServerRequestImpl.handleEnd(HttpServerRequestImpl.java:411)
	at io.vertx.core.http.impl.ServerConnection.handleEnd(ServerConnection.java:286)
	at io.vertx.core.http.impl.ServerConnection.processMessage(ServerConnection.java:404)
	at io.vertx.core.http.impl.ServerConnection.handleMessage(ServerConnection.java:134)
	at io.vertx.core.http.impl.HttpServerImpl$ServerHandler.doMessageReceived(HttpServerImpl.java:515)
	at io.vertx.core.http.impl.HttpServerImpl$ServerHandler.doMessageReceived(HttpServerImpl.java:421)
	at io.vertx.core.http.impl.VertxHttpHandler.lambda$channelRead$20(VertxHttpHandler.java:80)
	at io.vertx.core.http.impl.VertxHttpHandler$$Lambda$23/373805882.run(Unknown Source)
	at io.vertx.core.impl.ContextImpl.lambda$wrapTask$18(ContextImpl.java:333)
	at io.vertx.core.impl.ContextImpl$$Lambda$6/762218386.run(Unknown Source)
	at io.vertx.core.impl.ContextImpl.executeFromIO(ContextImpl.java:225)
	at io.vertx.core.http.impl.VertxHttpHandler.channelRead(VertxHttpHandler.java:80)
	at io.vertx.core.net.impl.VertxHandler.channelRead(VertxHandler.java:124)
	at io.netty.channel.AbstractChannelHandlerContext.invokeChannelRead(AbstractChannelHandlerContext.java:318)
	at io.netty.channel.AbstractChannelHandlerContext.fireChannelRead(AbstractChannelHandlerContext.java:304)
	at io.netty.handler.codec.ByteToMessageDecoder.fireChannelRead(ByteToMessageDecoder.java:276)
	at io.netty.handler.codec.ByteToMessageDecoder.channelRead(ByteToMessageDecoder.java:263)
	at io.netty.channel.AbstractChannelHandlerContext.invokeChannelRead(AbstractChannelHandlerContext.java:318)
	at io.netty.channel.AbstractChannelHandlerContext.fireChannelRead(AbstractChannelHandlerContext.java:304)
	at io.netty.channel.DefaultChannelPipeline.fireChannelRead(DefaultChannelPipeline.java:846)
	at io.netty.channel.nio.AbstractNioByteChannel$NioByteUnsafe.read(AbstractNioByteChannel.java:131)
	at io.netty.channel.nio.NioEventLoop.processSelectedKey(NioEventLoop.java:511)
	at io.netty.channel.nio.NioEventLoop.processSelectedKeysOptimized(NioEventLoop.java:468)
	at io.netty.channel.nio.NioEventLoop.processSelectedKeys(NioEventLoop.java:382)
	at io.netty.channel.nio.NioEventLoop.run(NioEventLoop.java:354)
	at io.netty.util.concurrent.SingleThreadEventExecutor$2.run(SingleThreadEventExecutor.java:112)
	at java.lang.Thread.run(Thread.java:745)

[io.vertx.core.impl.BlockedThreadChecker] [Wed Jul 13 15:39:58 CST 2016] 警告 [Thread Thread[vert.x-eventloop-thread-1,5,main] has been blocked for 10955 ms, time limit is 2000] 
io.vertx.core.VertxException: Thread blocked
	at java.net.Inet6AddressImpl.lookupAllHostAddr(Native Method)
	at java.net.InetAddress$2.lookupAllHostAddr(InetAddress.java:928)
	at java.net.InetAddress.getAddressesFromNameService(InetAddress.java:1323)
	at java.net.InetAddress.getAllByName0(InetAddress.java:1276)
	at java.net.InetAddress.getAllByName(InetAddress.java:1192)
	at java.net.InetAddress.getAllByName(InetAddress.java:1126)
	at java.net.InetAddress.getByName(InetAddress.java:1076)
	at java.net.InetSocketAddress.<init>(InetSocketAddress.java:220)
	at sun.net.NetworkClient.doConnect(NetworkClient.java:175)
	at sun.net.www.http.HttpClient.openServer(HttpClient.java:432)
	at sun.net.www.http.HttpClient.openServer(HttpClient.java:527)
	at sun.net.www.protocol.https.HttpsClient.<init>(HttpsClient.java:264)
	at sun.net.www.protocol.https.HttpsClient.New(HttpsClient.java:367)
	at sun.net.www.protocol.https.AbstractDelegateHttpsURLConnection.getNewHttpClient(AbstractDelegateHttpsURLConnection.java:191)
	at sun.net.www.protocol.http.HttpURLConnection.plainConnect0(HttpURLConnection.java:1105)
	at sun.net.www.protocol.http.HttpURLConnection.plainConnect(HttpURLConnection.java:999)
	at sun.net.www.protocol.https.AbstractDelegateHttpsURLConnection.connect(AbstractDelegateHttpsURLConnection.java:177)
	at sun.net.www.protocol.http.HttpURLConnection.getOutputStream0(HttpURLConnection.java:1283)
	at sun.net.www.protocol.http.HttpURLConnection.getOutputStream(HttpURLConnection.java:1258)
	at sun.net.www.protocol.https.HttpsURLConnectionImpl.getOutputStream(HttpsURLConnectionImpl.java:250)
	at com.stripe.net.LiveStripeResponseGetter.createPostConnection(LiveStripeResponseGetter.java:194)
	at com.stripe.net.LiveStripeResponseGetter.makeURLConnectionRequest(LiveStripeResponseGetter.java:345)
	at com.stripe.net.LiveStripeResponseGetter.getStripeResponse(LiveStripeResponseGetter.java:481)
	at com.stripe.net.LiveStripeResponseGetter._request(LiveStripeResponseGetter.java:420)
	at com.stripe.net.LiveStripeResponseGetter.request(LiveStripeResponseGetter.java:65)
	at com.stripe.net.APIResource.request(APIResource.java:135)
	at com.stripe.model.Customer.create(Customer.java:359)
	at com.stripe.model.Customer.create(Customer.java:251)
	at openscanner.cc.stripe.PayStripe.lambda$start$3(PayStripe.java:88)
	at openscanner.cc.stripe.PayStripe$$Lambda$10/513956002.handle(Unknown Source)
	at io.vertx.ext.web.impl.RouteImpl.handleContext(RouteImpl.java:221)
	at io.vertx.ext.web.impl.RoutingContextImplBase.iterateNext(RoutingContextImplBase.java:78)
	at io.vertx.ext.web.impl.RoutingContextImpl.next(RoutingContextImpl.java:94)
	at io.vertx.ext.web.handler.impl.FaviconHandlerImpl.handle(FaviconHandlerImpl.java:161)
	at io.vertx.ext.web.handler.impl.FaviconHandlerImpl.handle(FaviconHandlerImpl.java:33)
	at io.vertx.ext.web.impl.RouteImpl.handleContext(RouteImpl.java:221)
	at io.vertx.ext.web.impl.RoutingContextImplBase.iterateNext(RoutingContextImplBase.java:78)
	at io.vertx.ext.web.impl.RoutingContextImpl.next(RoutingContextImpl.java:94)
	at io.vertx.ext.web.handler.impl.BodyHandlerImpl$BHandler.doEnd(BodyHandlerImpl.java:155)
	at io.vertx.ext.web.handler.impl.BodyHandlerImpl$BHandler.end(BodyHandlerImpl.java:141)
	at io.vertx.ext.web.handler.impl.BodyHandlerImpl.lambda$handle$34(BodyHandlerImpl.java:61)
	at io.vertx.ext.web.handler.impl.BodyHandlerImpl$$Lambda$21/266462898.handle(Unknown Source)
	at io.vertx.core.http.impl.HttpServerRequestImpl.handleEnd(HttpServerRequestImpl.java:411)
	at io.vertx.core.http.impl.ServerConnection.handleEnd(ServerConnection.java:286)
	at io.vertx.core.http.impl.ServerConnection.processMessage(ServerConnection.java:404)
	at io.vertx.core.http.impl.ServerConnection.handleMessage(ServerConnection.java:134)
	at io.vertx.core.http.impl.HttpServerImpl$ServerHandler.doMessageReceived(HttpServerImpl.java:515)
	at io.vertx.core.http.impl.HttpServerImpl$ServerHandler.doMessageReceived(HttpServerImpl.java:421)
	at io.vertx.core.http.impl.VertxHttpHandler.lambda$channelRead$20(VertxHttpHandler.java:80)
	at io.vertx.core.http.impl.VertxHttpHandler$$Lambda$23/373805882.run(Unknown Source)
	at io.vertx.core.impl.ContextImpl.lambda$wrapTask$18(ContextImpl.java:333)
	at io.vertx.core.impl.ContextImpl$$Lambda$6/762218386.run(Unknown Source)
	at io.vertx.core.impl.ContextImpl.executeFromIO(ContextImpl.java:225)
	at io.vertx.core.http.impl.VertxHttpHandler.channelRead(VertxHttpHandler.java:80)
	at io.vertx.core.net.impl.VertxHandler.channelRead(VertxHandler.java:124)
	at io.netty.channel.AbstractChannelHandlerContext.invokeChannelRead(AbstractChannelHandlerContext.java:318)
	at io.netty.channel.AbstractChannelHandlerContext.fireChannelRead(AbstractChannelHandlerContext.java:304)
	at io.netty.handler.codec.ByteToMessageDecoder.fireChannelRead(ByteToMessageDecoder.java:276)
	at io.netty.handler.codec.ByteToMessageDecoder.channelRead(ByteToMessageDecoder.java:263)
	at io.netty.channel.AbstractChannelHandlerContext.invokeChannelRead(AbstractChannelHandlerContext.java:318)
	at io.netty.channel.AbstractChannelHandlerContext.fireChannelRead(AbstractChannelHandlerContext.java:304)
	at io.netty.channel.DefaultChannelPipeline.fireChannelRead(DefaultChannelPipeline.java:846)
	at io.netty.channel.nio.AbstractNioByteChannel$NioByteUnsafe.read(AbstractNioByteChannel.java:131)
	at io.netty.channel.nio.NioEventLoop.processSelectedKey(NioEventLoop.java:511)
	at io.netty.channel.nio.NioEventLoop.processSelectedKeysOptimized(NioEventLoop.java:468)
	at io.netty.channel.nio.NioEventLoop.processSelectedKeys(NioEventLoop.java:382)
	at io.netty.channel.nio.NioEventLoop.run(NioEventLoop.java:354)
	at io.netty.util.concurrent.SingleThreadEventExecutor$2.run(SingleThreadEventExecutor.java:112)
	at java.lang.Thread.run(Thread.java:745)

[io.vertx.core.impl.BlockedThreadChecker] [Wed Jul 13 15:39:59 CST 2016] 警告 [Thread Thread[vert.x-eventloop-thread-1,5,main] has been blocked for 11954 ms, time limit is 2000] 
io.vertx.core.VertxException: Thread blocked
	at java.net.SocketInputStream.socketRead0(Native Method)
	at java.net.SocketInputStream.socketRead(SocketInputStream.java:116)
	at java.net.SocketInputStream.read(SocketInputStream.java:170)
	at java.net.SocketInputStream.read(SocketInputStream.java:141)
	at sun.security.ssl.InputRecord.readFully(InputRecord.java:465)
	at sun.security.ssl.InputRecord.readV3Record(InputRecord.java:593)
	at sun.security.ssl.InputRecord.read(InputRecord.java:532)
	at sun.security.ssl.SSLSocketImpl.readRecord(SSLSocketImpl.java:973)
	at sun.security.ssl.SSLSocketImpl.performInitialHandshake(SSLSocketImpl.java:1375)
	at sun.security.ssl.SSLSocketImpl.startHandshake(SSLSocketImpl.java:1403)
	at sun.security.ssl.SSLSocketImpl.startHandshake(SSLSocketImpl.java:1387)
	at sun.net.www.protocol.https.HttpsClient.afterConnect(HttpsClient.java:559)
	at sun.net.www.protocol.https.AbstractDelegateHttpsURLConnection.connect(AbstractDelegateHttpsURLConnection.java:185)
	at sun.net.www.protocol.http.HttpURLConnection.getOutputStream0(HttpURLConnection.java:1283)
	at sun.net.www.protocol.http.HttpURLConnection.getOutputStream(HttpURLConnection.java:1258)
	at sun.net.www.protocol.https.HttpsURLConnectionImpl.getOutputStream(HttpsURLConnectionImpl.java:250)
	at com.stripe.net.LiveStripeResponseGetter.createPostConnection(LiveStripeResponseGetter.java:194)
	at com.stripe.net.LiveStripeResponseGetter.makeURLConnectionRequest(LiveStripeResponseGetter.java:345)
	at com.stripe.net.LiveStripeResponseGetter.getStripeResponse(LiveStripeResponseGetter.java:481)
	at com.stripe.net.LiveStripeResponseGetter._request(LiveStripeResponseGetter.java:420)
	at com.stripe.net.LiveStripeResponseGetter.request(LiveStripeResponseGetter.java:65)
	at com.stripe.net.APIResource.request(APIResource.java:135)
	at com.stripe.model.Customer.create(Customer.java:359)
	at com.stripe.model.Customer.create(Customer.java:251)
	at openscanner.cc.stripe.PayStripe.lambda$start$3(PayStripe.java:88)
	at openscanner.cc.stripe.PayStripe$$Lambda$10/513956002.handle(Unknown Source)
	at io.vertx.ext.web.impl.RouteImpl.handleContext(RouteImpl.java:221)
	at io.vertx.ext.web.impl.RoutingContextImplBase.iterateNext(RoutingContextImplBase.java:78)
	at io.vertx.ext.web.impl.RoutingContextImpl.next(RoutingContextImpl.java:94)
	at io.vertx.ext.web.handler.impl.FaviconHandlerImpl.handle(FaviconHandlerImpl.java:161)
	at io.vertx.ext.web.handler.impl.FaviconHandlerImpl.handle(FaviconHandlerImpl.java:33)
	at io.vertx.ext.web.impl.RouteImpl.handleContext(RouteImpl.java:221)
	at io.vertx.ext.web.impl.RoutingContextImplBase.iterateNext(RoutingContextImplBase.java:78)
	at io.vertx.ext.web.impl.RoutingContextImpl.next(RoutingContextImpl.java:94)
	at io.vertx.ext.web.handler.impl.BodyHandlerImpl$BHandler.doEnd(BodyHandlerImpl.java:155)
	at io.vertx.ext.web.handler.impl.BodyHandlerImpl$BHandler.end(BodyHandlerImpl.java:141)
	at io.vertx.ext.web.handler.impl.BodyHandlerImpl.lambda$handle$34(BodyHandlerImpl.java:61)
	at io.vertx.ext.web.handler.impl.BodyHandlerImpl$$Lambda$21/266462898.handle(Unknown Source)
	at io.vertx.core.http.impl.HttpServerRequestImpl.handleEnd(HttpServerRequestImpl.java:411)
	at io.vertx.core.http.impl.ServerConnection.handleEnd(ServerConnection.java:286)
	at io.vertx.core.http.impl.ServerConnection.processMessage(ServerConnection.java:404)
	at io.vertx.core.http.impl.ServerConnection.handleMessage(ServerConnection.java:134)
	at io.vertx.core.http.impl.HttpServerImpl$ServerHandler.doMessageReceived(HttpServerImpl.java:515)
	at io.vertx.core.http.impl.HttpServerImpl$ServerHandler.doMessageReceived(HttpServerImpl.java:421)
	at io.vertx.core.http.impl.VertxHttpHandler.lambda$channelRead$20(VertxHttpHandler.java:80)
	at io.vertx.core.http.impl.VertxHttpHandler$$Lambda$23/373805882.run(Unknown Source)
	at io.vertx.core.impl.ContextImpl.lambda$wrapTask$18(ContextImpl.java:333)
	at io.vertx.core.impl.ContextImpl$$Lambda$6/762218386.run(Unknown Source)
	at io.vertx.core.impl.ContextImpl.executeFromIO(ContextImpl.java:225)
	at io.vertx.core.http.impl.VertxHttpHandler.channelRead(VertxHttpHandler.java:80)
	at io.vertx.core.net.impl.VertxHandler.channelRead(VertxHandler.java:124)
	at io.netty.channel.AbstractChannelHandlerContext.invokeChannelRead(AbstractChannelHandlerContext.java:318)
	at io.netty.channel.AbstractChannelHandlerContext.fireChannelRead(AbstractChannelHandlerContext.java:304)
	at io.netty.handler.codec.ByteToMessageDecoder.fireChannelRead(ByteToMessageDecoder.java:276)
	at io.netty.handler.codec.ByteToMessageDecoder.channelRead(ByteToMessageDecoder.java:263)
	at io.netty.channel.AbstractChannelHandlerContext.invokeChannelRead(AbstractChannelHandlerContext.java:318)
	at io.netty.channel.AbstractChannelHandlerContext.fireChannelRead(AbstractChannelHandlerContext.java:304)
	at io.netty.channel.DefaultChannelPipeline.fireChannelRead(DefaultChannelPipeline.java:846)
	at io.netty.channel.nio.AbstractNioByteChannel$NioByteUnsafe.read(AbstractNioByteChannel.java:131)
	at io.netty.channel.nio.NioEventLoop.processSelectedKey(NioEventLoop.java:511)
	at io.netty.channel.nio.NioEventLoop.processSelectedKeysOptimized(NioEventLoop.java:468)
	at io.netty.channel.nio.NioEventLoop.processSelectedKeys(NioEventLoop.java:382)
	at io.netty.channel.nio.NioEventLoop.run(NioEventLoop.java:354)
	at io.netty.util.concurrent.SingleThreadEventExecutor$2.run(SingleThreadEventExecutor.java:112)
	at java.lang.Thread.run(Thread.java:745)

[io.vertx.core.impl.BlockedThreadChecker] [Wed Jul 13 15:40:00 CST 2016] 警告 [Thread Thread[vert.x-eventloop-thread-1,5,main] has been blocked for 12954 ms, time limit is 2000] 
io.vertx.core.VertxException: Thread blocked
	at java.net.SocketInputStream.socketRead0(Native Method)
	at java.net.SocketInputStream.socketRead(SocketInputStream.java:116)
	at java.net.SocketInputStream.read(SocketInputStream.java:170)
	at java.net.SocketInputStream.read(SocketInputStream.java:141)
	at sun.security.ssl.InputRecord.readFully(InputRecord.java:465)
	at sun.security.ssl.InputRecord.read(InputRecord.java:503)
	at sun.security.ssl.SSLSocketImpl.readRecord(SSLSocketImpl.java:973)
	at sun.security.ssl.SSLSocketImpl.performInitialHandshake(SSLSocketImpl.java:1375)
	at sun.security.ssl.SSLSocketImpl.startHandshake(SSLSocketImpl.java:1403)
	at sun.security.ssl.SSLSocketImpl.startHandshake(SSLSocketImpl.java:1387)
	at sun.net.www.protocol.https.HttpsClient.afterConnect(HttpsClient.java:559)
	at sun.net.www.protocol.https.AbstractDelegateHttpsURLConnection.connect(AbstractDelegateHttpsURLConnection.java:185)
	at sun.net.www.protocol.http.HttpURLConnection.getOutputStream0(HttpURLConnection.java:1283)
	at sun.net.www.protocol.http.HttpURLConnection.getOutputStream(HttpURLConnection.java:1258)
	at sun.net.www.protocol.https.HttpsURLConnectionImpl.getOutputStream(HttpsURLConnectionImpl.java:250)
	at com.stripe.net.LiveStripeResponseGetter.createPostConnection(LiveStripeResponseGetter.java:194)
	at com.stripe.net.LiveStripeResponseGetter.makeURLConnectionRequest(LiveStripeResponseGetter.java:345)
	at com.stripe.net.LiveStripeResponseGetter.getStripeResponse(LiveStripeResponseGetter.java:481)
	at com.stripe.net.LiveStripeResponseGetter._request(LiveStripeResponseGetter.java:420)
	at com.stripe.net.LiveStripeResponseGetter.request(LiveStripeResponseGetter.java:65)
	at com.stripe.net.APIResource.request(APIResource.java:135)
	at com.stripe.model.Customer.create(Customer.java:359)
	at com.stripe.model.Customer.create(Customer.java:251)
	at openscanner.cc.stripe.PayStripe.lambda$start$3(PayStripe.java:88)
	at openscanner.cc.stripe.PayStripe$$Lambda$10/513956002.handle(Unknown Source)
	at io.vertx.ext.web.impl.RouteImpl.handleContext(RouteImpl.java:221)
	at io.vertx.ext.web.impl.RoutingContextImplBase.iterateNext(RoutingContextImplBase.java:78)
	at io.vertx.ext.web.impl.RoutingContextImpl.next(RoutingContextImpl.java:94)
	at io.vertx.ext.web.handler.impl.FaviconHandlerImpl.handle(FaviconHandlerImpl.java:161)
	at io.vertx.ext.web.handler.impl.FaviconHandlerImpl.handle(FaviconHandlerImpl.java:33)
	at io.vertx.ext.web.impl.RouteImpl.handleContext(RouteImpl.java:221)
	at io.vertx.ext.web.impl.RoutingContextImplBase.iterateNext(RoutingContextImplBase.java:78)
	at io.vertx.ext.web.impl.RoutingContextImpl.next(RoutingContextImpl.java:94)
	at io.vertx.ext.web.handler.impl.BodyHandlerImpl$BHandler.doEnd(BodyHandlerImpl.java:155)
	at io.vertx.ext.web.handler.impl.BodyHandlerImpl$BHandler.end(BodyHandlerImpl.java:141)
	at io.vertx.ext.web.handler.impl.BodyHandlerImpl.lambda$handle$34(BodyHandlerImpl.java:61)
	at io.vertx.ext.web.handler.impl.BodyHandlerImpl$$Lambda$21/266462898.handle(Unknown Source)
	at io.vertx.core.http.impl.HttpServerRequestImpl.handleEnd(HttpServerRequestImpl.java:411)
	at io.vertx.core.http.impl.ServerConnection.handleEnd(ServerConnection.java:286)
	at io.vertx.core.http.impl.ServerConnection.processMessage(ServerConnection.java:404)
	at io.vertx.core.http.impl.ServerConnection.handleMessage(ServerConnection.java:134)
	at io.vertx.core.http.impl.HttpServerImpl$ServerHandler.doMessageReceived(HttpServerImpl.java:515)
	at io.vertx.core.http.impl.HttpServerImpl$ServerHandler.doMessageReceived(HttpServerImpl.java:421)
	at io.vertx.core.http.impl.VertxHttpHandler.lambda$channelRead$20(VertxHttpHandler.java:80)
	at io.vertx.core.http.impl.VertxHttpHandler$$Lambda$23/373805882.run(Unknown Source)
	at io.vertx.core.impl.ContextImpl.lambda$wrapTask$18(ContextImpl.java:333)
	at io.vertx.core.impl.ContextImpl$$Lambda$6/762218386.run(Unknown Source)
	at io.vertx.core.impl.ContextImpl.executeFromIO(ContextImpl.java:225)
	at io.vertx.core.http.impl.VertxHttpHandler.channelRead(VertxHttpHandler.java:80)
	at io.vertx.core.net.impl.VertxHandler.channelRead(VertxHandler.java:124)
	at io.netty.channel.AbstractChannelHandlerContext.invokeChannelRead(AbstractChannelHandlerContext.java:318)
	at io.netty.channel.AbstractChannelHandlerContext.fireChannelRead(AbstractChannelHandlerContext.java:304)
	at io.netty.handler.codec.ByteToMessageDecoder.fireChannelRead(ByteToMessageDecoder.java:276)
	at io.netty.handler.codec.ByteToMessageDecoder.channelRead(ByteToMessageDecoder.java:263)
	at io.netty.channel.AbstractChannelHandlerContext.invokeChannelRead(AbstractChannelHandlerContext.java:318)
	at io.netty.channel.AbstractChannelHandlerContext.fireChannelRead(AbstractChannelHandlerContext.java:304)
	at io.netty.channel.DefaultChannelPipeline.fireChannelRead(DefaultChannelPipeline.java:846)
	at io.netty.channel.nio.AbstractNioByteChannel$NioByteUnsafe.read(AbstractNioByteChannel.java:131)
	at io.netty.channel.nio.NioEventLoop.processSelectedKey(NioEventLoop.java:511)
	at io.netty.channel.nio.NioEventLoop.processSelectedKeysOptimized(NioEventLoop.java:468)
	at io.netty.channel.nio.NioEventLoop.processSelectedKeys(NioEventLoop.java:382)
	at io.netty.channel.nio.NioEventLoop.run(NioEventLoop.java:354)
	at io.netty.util.concurrent.SingleThreadEventExecutor$2.run(SingleThreadEventExecutor.java:112)
	at java.lang.Thread.run(Thread.java:745)

[io.vertx.core.impl.BlockedThreadChecker] [Wed Jul 13 15:40:01 CST 2016] 警告 [Thread Thread[vert.x-eventloop-thread-1,5,main] has been blocked for 13954 ms, time limit is 2000] 
io.vertx.core.VertxException: Thread blocked
	at java.net.SocketInputStream.socketRead0(Native Method)
	at java.net.SocketInputStream.socketRead(SocketInputStream.java:116)
	at java.net.SocketInputStream.read(SocketInputStream.java:170)
	at java.net.SocketInputStream.read(SocketInputStream.java:141)
	at sun.security.ssl.InputRecord.readFully(InputRecord.java:465)
	at sun.security.ssl.InputRecord.read(InputRecord.java:503)
	at sun.security.ssl.SSLSocketImpl.readRecord(SSLSocketImpl.java:973)
	at sun.security.ssl.SSLSocketImpl.readDataRecord(SSLSocketImpl.java:930)
	at sun.security.ssl.AppInputStream.read(AppInputStream.java:105)
	at java.io.BufferedInputStream.fill(BufferedInputStream.java:246)
	at java.io.BufferedInputStream.read1(BufferedInputStream.java:286)
	at java.io.BufferedInputStream.read(BufferedInputStream.java:345)
	at sun.net.www.http.HttpClient.parseHTTPHeader(HttpClient.java:704)
	at sun.net.www.http.HttpClient.parseHTTP(HttpClient.java:647)
	at sun.net.www.protocol.http.HttpURLConnection.getInputStream0(HttpURLConnection.java:1536)
	at sun.net.www.protocol.http.HttpURLConnection.getInputStream(HttpURLConnection.java:1441)
	at java.net.HttpURLConnection.getResponseCode(HttpURLConnection.java:480)
	at sun.net.www.protocol.https.HttpsURLConnectionImpl.getResponseCode(HttpsURLConnectionImpl.java:338)
	at com.stripe.net.LiveStripeResponseGetter.makeURLConnectionRequest(LiveStripeResponseGetter.java:359)
	at com.stripe.net.LiveStripeResponseGetter.getStripeResponse(LiveStripeResponseGetter.java:481)
	at com.stripe.net.LiveStripeResponseGetter._request(LiveStripeResponseGetter.java:420)
	at com.stripe.net.LiveStripeResponseGetter.request(LiveStripeResponseGetter.java:65)
	at com.stripe.net.APIResource.request(APIResource.java:135)
	at com.stripe.model.Customer.create(Customer.java:359)
	at com.stripe.model.Customer.create(Customer.java:251)
	at openscanner.cc.stripe.PayStripe.lambda$start$3(PayStripe.java:88)
	at openscanner.cc.stripe.PayStripe$$Lambda$10/513956002.handle(Unknown Source)
	at io.vertx.ext.web.impl.RouteImpl.handleContext(RouteImpl.java:221)
	at io.vertx.ext.web.impl.RoutingContextImplBase.iterateNext(RoutingContextImplBase.java:78)
	at io.vertx.ext.web.impl.RoutingContextImpl.next(RoutingContextImpl.java:94)
	at io.vertx.ext.web.handler.impl.FaviconHandlerImpl.handle(FaviconHandlerImpl.java:161)
	at io.vertx.ext.web.handler.impl.FaviconHandlerImpl.handle(FaviconHandlerImpl.java:33)
	at io.vertx.ext.web.impl.RouteImpl.handleContext(RouteImpl.java:221)
	at io.vertx.ext.web.impl.RoutingContextImplBase.iterateNext(RoutingContextImplBase.java:78)
	at io.vertx.ext.web.impl.RoutingContextImpl.next(RoutingContextImpl.java:94)
	at io.vertx.ext.web.handler.impl.BodyHandlerImpl$BHandler.doEnd(BodyHandlerImpl.java:155)
	at io.vertx.ext.web.handler.impl.BodyHandlerImpl$BHandler.end(BodyHandlerImpl.java:141)
	at io.vertx.ext.web.handler.impl.BodyHandlerImpl.lambda$handle$34(BodyHandlerImpl.java:61)
	at io.vertx.ext.web.handler.impl.BodyHandlerImpl$$Lambda$21/266462898.handle(Unknown Source)
	at io.vertx.core.http.impl.HttpServerRequestImpl.handleEnd(HttpServerRequestImpl.java:411)
	at io.vertx.core.http.impl.ServerConnection.handleEnd(ServerConnection.java:286)
	at io.vertx.core.http.impl.ServerConnection.processMessage(ServerConnection.java:404)
	at io.vertx.core.http.impl.ServerConnection.handleMessage(ServerConnection.java:134)
	at io.vertx.core.http.impl.HttpServerImpl$ServerHandler.doMessageReceived(HttpServerImpl.java:515)
	at io.vertx.core.http.impl.HttpServerImpl$ServerHandler.doMessageReceived(HttpServerImpl.java:421)
	at io.vertx.core.http.impl.VertxHttpHandler.lambda$channelRead$20(VertxHttpHandler.java:80)
	at io.vertx.core.http.impl.VertxHttpHandler$$Lambda$23/373805882.run(Unknown Source)
	at io.vertx.core.impl.ContextImpl.lambda$wrapTask$18(ContextImpl.java:333)
	at io.vertx.core.impl.ContextImpl$$Lambda$6/762218386.run(Unknown Source)
	at io.vertx.core.impl.ContextImpl.executeFromIO(ContextImpl.java:225)
	at io.vertx.core.http.impl.VertxHttpHandler.channelRead(VertxHttpHandler.java:80)
	at io.vertx.core.net.impl.VertxHandler.channelRead(VertxHandler.java:124)
	at io.netty.channel.AbstractChannelHandlerContext.invokeChannelRead(AbstractChannelHandlerContext.java:318)
	at io.netty.channel.AbstractChannelHandlerContext.fireChannelRead(AbstractChannelHandlerContext.java:304)
	at io.netty.handler.codec.ByteToMessageDecoder.fireChannelRead(ByteToMessageDecoder.java:276)
	at io.netty.handler.codec.ByteToMessageDecoder.channelRead(ByteToMessageDecoder.java:263)
	at io.netty.channel.AbstractChannelHandlerContext.invokeChannelRead(AbstractChannelHandlerContext.java:318)
	at io.netty.channel.AbstractChannelHandlerContext.fireChannelRead(AbstractChannelHandlerContext.java:304)
	at io.netty.channel.DefaultChannelPipeline.fireChannelRead(DefaultChannelPipeline.java:846)
	at io.netty.channel.nio.AbstractNioByteChannel$NioByteUnsafe.read(AbstractNioByteChannel.java:131)
	at io.netty.channel.nio.NioEventLoop.processSelectedKey(NioEventLoop.java:511)
	at io.netty.channel.nio.NioEventLoop.processSelectedKeysOptimized(NioEventLoop.java:468)
	at io.netty.channel.nio.NioEventLoop.processSelectedKeys(NioEventLoop.java:382)
	at io.netty.channel.nio.NioEventLoop.run(NioEventLoop.java:354)
	at io.netty.util.concurrent.SingleThreadEventExecutor$2.run(SingleThreadEventExecutor.java:112)
	at java.lang.Thread.run(Thread.java:745)

[io.vertx.core.impl.BlockedThreadChecker] [Wed Jul 13 15:40:02 CST 2016] 警告 [Thread Thread[vert.x-eventloop-thread-1,5,main] has been blocked for 14954 ms, time limit is 2000] 
io.vertx.core.VertxException: Thread blocked
	at java.net.SocketInputStream.socketRead0(Native Method)
	at java.net.SocketInputStream.socketRead(SocketInputStream.java:116)
	at java.net.SocketInputStream.read(SocketInputStream.java:170)
	at java.net.SocketInputStream.read(SocketInputStream.java:141)
	at sun.security.ssl.InputRecord.readFully(InputRecord.java:465)
	at sun.security.ssl.InputRecord.read(InputRecord.java:503)
	at sun.security.ssl.SSLSocketImpl.readRecord(SSLSocketImpl.java:973)
	at sun.security.ssl.SSLSocketImpl.readDataRecord(SSLSocketImpl.java:930)
	at sun.security.ssl.AppInputStream.read(AppInputStream.java:105)
	at java.io.BufferedInputStream.fill(BufferedInputStream.java:246)
	at java.io.BufferedInputStream.read1(BufferedInputStream.java:286)
	at java.io.BufferedInputStream.read(BufferedInputStream.java:345)
	at sun.net.www.http.HttpClient.parseHTTPHeader(HttpClient.java:704)
	at sun.net.www.http.HttpClient.parseHTTP(HttpClient.java:647)
	at sun.net.www.protocol.http.HttpURLConnection.getInputStream0(HttpURLConnection.java:1536)
	at sun.net.www.protocol.http.HttpURLConnection.getInputStream(HttpURLConnection.java:1441)
	at java.net.HttpURLConnection.getResponseCode(HttpURLConnection.java:480)
	at sun.net.www.protocol.https.HttpsURLConnectionImpl.getResponseCode(HttpsURLConnectionImpl.java:338)
	at com.stripe.net.LiveStripeResponseGetter.makeURLConnectionRequest(LiveStripeResponseGetter.java:359)
	at com.stripe.net.LiveStripeResponseGetter.getStripeResponse(LiveStripeResponseGetter.java:481)
	at com.stripe.net.LiveStripeResponseGetter._request(LiveStripeResponseGetter.java:420)
	at com.stripe.net.LiveStripeResponseGetter.request(LiveStripeResponseGetter.java:65)
	at com.stripe.net.APIResource.request(APIResource.java:135)
	at com.stripe.model.Customer.create(Customer.java:359)
	at com.stripe.model.Customer.create(Customer.java:251)
	at openscanner.cc.stripe.PayStripe.lambda$start$3(PayStripe.java:88)
	at openscanner.cc.stripe.PayStripe$$Lambda$10/513956002.handle(Unknown Source)
	at io.vertx.ext.web.impl.RouteImpl.handleContext(RouteImpl.java:221)
	at io.vertx.ext.web.impl.RoutingContextImplBase.iterateNext(RoutingContextImplBase.java:78)
	at io.vertx.ext.web.impl.RoutingContextImpl.next(RoutingContextImpl.java:94)
	at io.vertx.ext.web.handler.impl.FaviconHandlerImpl.handle(FaviconHandlerImpl.java:161)
	at io.vertx.ext.web.handler.impl.FaviconHandlerImpl.handle(FaviconHandlerImpl.java:33)
	at io.vertx.ext.web.impl.RouteImpl.handleContext(RouteImpl.java:221)
	at io.vertx.ext.web.impl.RoutingContextImplBase.iterateNext(RoutingContextImplBase.java:78)
	at io.vertx.ext.web.impl.RoutingContextImpl.next(RoutingContextImpl.java:94)
	at io.vertx.ext.web.handler.impl.BodyHandlerImpl$BHandler.doEnd(BodyHandlerImpl.java:155)
	at io.vertx.ext.web.handler.impl.BodyHandlerImpl$BHandler.end(BodyHandlerImpl.java:141)
	at io.vertx.ext.web.handler.impl.BodyHandlerImpl.lambda$handle$34(BodyHandlerImpl.java:61)
	at io.vertx.ext.web.handler.impl.BodyHandlerImpl$$Lambda$21/266462898.handle(Unknown Source)
	at io.vertx.core.http.impl.HttpServerRequestImpl.handleEnd(HttpServerRequestImpl.java:411)
	at io.vertx.core.http.impl.ServerConnection.handleEnd(ServerConnection.java:286)
	at io.vertx.core.http.impl.ServerConnection.processMessage(ServerConnection.java:404)
	at io.vertx.core.http.impl.ServerConnection.handleMessage(ServerConnection.java:134)
	at io.vertx.core.http.impl.HttpServerImpl$ServerHandler.doMessageReceived(HttpServerImpl.java:515)
	at io.vertx.core.http.impl.HttpServerImpl$ServerHandler.doMessageReceived(HttpServerImpl.java:421)
	at io.vertx.core.http.impl.VertxHttpHandler.lambda$channelRead$20(VertxHttpHandler.java:80)
	at io.vertx.core.http.impl.VertxHttpHandler$$Lambda$23/373805882.run(Unknown Source)
	at io.vertx.core.impl.ContextImpl.lambda$wrapTask$18(ContextImpl.java:333)
	at io.vertx.core.impl.ContextImpl$$Lambda$6/762218386.run(Unknown Source)
	at io.vertx.core.impl.ContextImpl.executeFromIO(ContextImpl.java:225)
	at io.vertx.core.http.impl.VertxHttpHandler.channelRead(VertxHttpHandler.java:80)
	at io.vertx.core.net.impl.VertxHandler.channelRead(VertxHandler.java:124)
	at io.netty.channel.AbstractChannelHandlerContext.invokeChannelRead(AbstractChannelHandlerContext.java:318)
	at io.netty.channel.AbstractChannelHandlerContext.fireChannelRead(AbstractChannelHandlerContext.java:304)
	at io.netty.handler.codec.ByteToMessageDecoder.fireChannelRead(ByteToMessageDecoder.java:276)
	at io.netty.handler.codec.ByteToMessageDecoder.channelRead(ByteToMessageDecoder.java:263)
	at io.netty.channel.AbstractChannelHandlerContext.invokeChannelRead(AbstractChannelHandlerContext.java:318)
	at io.netty.channel.AbstractChannelHandlerContext.fireChannelRead(AbstractChannelHandlerContext.java:304)
	at io.netty.channel.DefaultChannelPipeline.fireChannelRead(DefaultChannelPipeline.java:846)
	at io.netty.channel.nio.AbstractNioByteChannel$NioByteUnsafe.read(AbstractNioByteChannel.java:131)
	at io.netty.channel.nio.NioEventLoop.processSelectedKey(NioEventLoop.java:511)
	at io.netty.channel.nio.NioEventLoop.processSelectedKeysOptimized(NioEventLoop.java:468)
	at io.netty.channel.nio.NioEventLoop.processSelectedKeys(NioEventLoop.java:382)
	at io.netty.channel.nio.NioEventLoop.run(NioEventLoop.java:354)
	at io.netty.util.concurrent.SingleThreadEventExecutor$2.run(SingleThreadEventExecutor.java:112)
	at java.lang.Thread.run(Thread.java:745)

